<?xml version="1.0" encoding="UTF-8"?>
<!-- Generated by org.testng.reporters.JUnitReportReporter -->
<testsuite skipped="0" hostname="DESKTOP-8DUI1RP" name="com.training.sanity.tests.RTTC_005" tests="1" failures="0" timestamp="26 Jun 2019 04:53:39 GMT" time="56.933" errors="0">
  <testcase name="Register" time="56.933" classname="com.training.sanity.tests.RTTC_005"/>
</testsuite> <!-- com.training.sanity.tests.RTTC_005 -->
