<?xml version="1.0" encoding="UTF-8"?>
<!-- Generated by org.testng.reporters.JUnitReportReporter -->
<testsuite skipped="0" hostname="DESKTOP-8DUI1RP" name="com.training.sanity.tests.RTTC_003" tests="1" failures="0" timestamp="26 Jun 2019 04:53:39 GMT" time="24.304" errors="0">
  <testcase name="Register" time="24.304" classname="com.training.sanity.tests.RTTC_003"/>
</testsuite> <!-- com.training.sanity.tests.RTTC_003 -->
